<?xml version="1.0" encoding="UTF-8"?>
<!-- Generated by org.testng.reporters.JUnitXMLReporter -->
<testsuite ignored="0" hostname="DESKTOP-607OE7V" failures="0" tests="4" name="Default test" time="0.058" errors="0" timestamp="2022-05-06T16:10:04 IST">
  <testcase classname="Anotations" name="buy" time="0.004"/>
  <testcase classname="Anotations" name="login" time="0.001"/>
  <testcase classname="Anotations" name="logout" time="0.001"/>
  <testcase classname="Anotations" name="serach" time="0.001"/>
</testsuite> <!-- Default test -->
