<?xml version="1.0" encoding="UTF-8"?>
<testng-results ignored="0" total="4" passed="4" failed="0" skipped="0">
  <reporter-output>
  </reporter-output>
  <suite started-at="2022-05-06T16:10:04 IST" name="Default suite" finished-at="2022-05-06T16:10:04 IST" duration-ms="58">
    <groups>
    </groups>
    <test started-at="2022-05-06T16:10:04 IST" name="Default test" finished-at="2022-05-06T16:10:04 IST" duration-ms="58">
      <class name="Anotations">
        <test-method is-config="true" signature="beforeTEst()[pri:0, instance:Anotations@1a451d4d]" started-at="2022-05-06T16:10:04 IST" name="beforeTEst" finished-at="2022-05-06T16:10:04 IST" duration-ms="7" status="PASS">
          <reporter-output>
          </reporter-output>
        </test-method> <!-- beforeTEst -->
        <test-method is-config="true" signature="siteOpen()[pri:0, instance:Anotations@1a451d4d]" started-at="2022-05-06T16:10:04 IST" name="siteOpen" finished-at="2022-05-06T16:10:04 IST" duration-ms="0" status="PASS">
          <reporter-output>
          </reporter-output>
        </test-method> <!-- siteOpen -->
        <test-method is-config="true" signature="methodStart()[pri:0, instance:Anotations@1a451d4d]" started-at="2022-05-06T16:10:04 IST" name="methodStart" finished-at="2022-05-06T16:10:04 IST" duration-ms="1" status="PASS">
          <reporter-output>
          </reporter-output>
        </test-method> <!-- methodStart -->
        <test-method signature="buy()[pri:0, instance:Anotations@1a451d4d]" started-at="2022-05-06T16:10:04 IST" name="buy" finished-at="2022-05-06T16:10:04 IST" duration-ms="4" status="PASS">
          <reporter-output>
          </reporter-output>
        </test-method> <!-- buy -->
        <test-method is-config="true" signature="methodStop()[pri:0, instance:Anotations@1a451d4d]" started-at="2022-05-06T16:10:04 IST" name="methodStop" finished-at="2022-05-06T16:10:04 IST" duration-ms="0" status="PASS">
          <reporter-output>
          </reporter-output>
        </test-method> <!-- methodStop -->
        <test-method is-config="true" signature="methodStart()[pri:0, instance:Anotations@1a451d4d]" started-at="2022-05-06T16:10:04 IST" name="methodStart" finished-at="2022-05-06T16:10:04 IST" duration-ms="0" status="PASS">
          <reporter-output>
          </reporter-output>
        </test-method> <!-- methodStart -->
        <test-method signature="login()[pri:0, instance:Anotations@1a451d4d]" started-at="2022-05-06T16:10:04 IST" name="login" finished-at="2022-05-06T16:10:04 IST" duration-ms="1" status="PASS">
          <reporter-output>
          </reporter-output>
        </test-method> <!-- login -->
        <test-method is-config="true" signature="methodStop()[pri:0, instance:Anotations@1a451d4d]" started-at="2022-05-06T16:10:04 IST" name="methodStop" finished-at="2022-05-06T16:10:04 IST" duration-ms="0" status="PASS">
          <reporter-output>
          </reporter-output>
        </test-method> <!-- methodStop -->
        <test-method is-config="true" signature="methodStart()[pri:0, instance:Anotations@1a451d4d]" started-at="2022-05-06T16:10:04 IST" name="methodStart" finished-at="2022-05-06T16:10:04 IST" duration-ms="1" status="PASS">
          <reporter-output>
          </reporter-output>
        </test-method> <!-- methodStart -->
        <test-method signature="logout()[pri:0, instance:Anotations@1a451d4d]" started-at="2022-05-06T16:10:04 IST" name="logout" finished-at="2022-05-06T16:10:04 IST" duration-ms="1" status="PASS">
          <reporter-output>
          </reporter-output>
        </test-method> <!-- logout -->
        <test-method is-config="true" signature="methodStop()[pri:0, instance:Anotations@1a451d4d]" started-at="2022-05-06T16:10:04 IST" name="methodStop" finished-at="2022-05-06T16:10:04 IST" duration-ms="0" status="PASS">
          <reporter-output>
          </reporter-output>
        </test-method> <!-- methodStop -->
        <test-method signature="serach()[pri:0, instance:Anotations@1a451d4d]" started-at="2022-05-06T16:10:04 IST" name="serach" finished-at="2022-05-06T16:10:04 IST" duration-ms="1" status="PASS">
          <reporter-output>
          </reporter-output>
        </test-method> <!-- serach -->
        <test-method is-config="true" signature="methodStart()[pri:0, instance:Anotations@1a451d4d]" started-at="2022-05-06T16:10:04 IST" name="methodStart" finished-at="2022-05-06T16:10:04 IST" duration-ms="0" status="PASS">
          <reporter-output>
          </reporter-output>
        </test-method> <!-- methodStart -->
        <test-method is-config="true" signature="methodStop()[pri:0, instance:Anotations@1a451d4d]" started-at="2022-05-06T16:10:04 IST" name="methodStop" finished-at="2022-05-06T16:10:04 IST" duration-ms="1" status="PASS">
          <reporter-output>
          </reporter-output>
        </test-method> <!-- methodStop -->
        <test-method is-config="true" signature="siteClose()[pri:0, instance:Anotations@1a451d4d]" started-at="2022-05-06T16:10:04 IST" name="siteClose" finished-at="2022-05-06T16:10:04 IST" duration-ms="1" status="PASS">
          <reporter-output>
          </reporter-output>
        </test-method> <!-- siteClose -->
        <test-method is-config="true" signature="afterTeST()[pri:0, instance:Anotations@1a451d4d]" started-at="2022-05-06T16:10:04 IST" name="afterTeST" finished-at="2022-05-06T16:10:04 IST" duration-ms="0" status="PASS">
          <reporter-output>
          </reporter-output>
        </test-method> <!-- afterTeST -->
      </class> <!-- Anotations -->
    </test> <!-- Default test -->
  </suite> <!-- Default suite -->
</testng-results>
